<?xml version="1.0" encoding="UTF-8"?>
<testng-results skipped="0" failed="0" ignored="0" total="1" passed="1">
  <reporter-output>
  </reporter-output>
  <suite name="Suite" duration-ms="112" started-at="2019-07-25T00:55:20Z" finished-at="2019-07-25T00:55:20Z">
    <groups>
    </groups>
    <test name="Test" duration-ms="112" started-at="2019-07-25T00:55:20Z" finished-at="2019-07-25T00:55:20Z">
      <class name="com.orangehrmproject.samplecase">
        <test-method status="PASS" signature="f()[pri:0, instance:com.orangehrmproject.samplecase@36d4b5c]" name="f" duration-ms="33" started-at="2019-07-25T06:25:20Z" finished-at="2019-07-25T06:25:20Z">
          <reporter-output>
          </reporter-output>
        </test-method> <!-- f -->
      </class> <!-- com.orangehrmproject.samplecase -->
    </test> <!-- Test -->
  </suite> <!-- Suite -->
</testng-results>
