<?xml version="1.0" encoding="UTF-8"?>
<testng-results skipped="0" failed="0" total="1" passed="1">
  <reporter-output>
  </reporter-output>
  <suite name="Surefire suite" duration-ms="146" started-at="2019-07-25T01:24:36Z" finished-at="2019-07-25T01:24:36Z">
    <groups>
    </groups>
    <test name="Surefire test" duration-ms="146" started-at="2019-07-25T01:24:36Z" finished-at="2019-07-25T01:24:36Z">
      <class name="com.orangehrmproject.AppTest">
        <test-method status="PASS" signature="shouldAnswerWithTrue()[pri:0, instance:shouldAnswerWithTrue(com.orangehrmproject.AppTest)]" name="shouldAnswerWithTrue" duration-ms="7" started-at="2019-07-25T06:54:36Z" finished-at="2019-07-25T06:54:36Z">
          <reporter-output>
          </reporter-output>
        </test-method> <!-- shouldAnswerWithTrue -->
      </class> <!-- com.orangehrmproject.AppTest -->
    </test> <!-- Surefire test -->
  </suite> <!-- Surefire suite -->
</testng-results>
